<?xml version="1.0" encoding="UTF-8"?>
<coverage generated="1740949445388" clover="3.2.0">
  <project timestamp="1740949445388" name="All files">
    <metrics statements="14" coveredstatements="14" conditionals="4" coveredconditionals="3" methods="1" coveredmethods="1" elements="19" coveredelements="18" complexity="0" loc="14" ncloc="14" packages="1" files="2" classes="2"/>
    <file name="factory.js" path="/Users/joaogoncalves/Desktop/my-projects/aws-serveless/demo05-tooling-jest-docker-plus/tooling-jest-docker-plus-parte02/src/factory.js">
      <metrics statements="9" coveredstatements="9" conditionals="4" coveredconditionals="3" methods="0" coveredmethods="0"/>
      <line num="1" count="1" type="stmt"/>
      <line num="2" count="1" type="stmt"/>
      <line num="5" count="1" type="stmt"/>
      <line num="7" count="1" type="cond" truecount="1" falsecount="1"/>
      <line num="8" count="1" type="stmt"/>
      <line num="15" count="1" type="cond" truecount="2" falsecount="0"/>
      <line num="16" count="1" type="stmt"/>
      <line num="19" count="1" type="stmt"/>
      <line num="21" count="1" type="stmt"/>
    </file>
    <file name="index.js" path="/Users/joaogoncalves/Desktop/my-projects/aws-serveless/demo05-tooling-jest-docker-plus/tooling-jest-docker-plus-parte02/src/index.js">
      <metrics statements="5" coveredstatements="5" conditionals="0" coveredconditionals="0" methods="1" coveredmethods="1"/>
      <line num="3" count="1" type="stmt"/>
      <line num="5" count="1" type="stmt"/>
      <line num="6" count="1" type="stmt"/>
      <line num="7" count="1" type="stmt"/>
      <line num="9" count="1" type="stmt"/>
    </file>
  </project>
</coverage>
