{"/Users/joaogoncalves/Desktop/my-projects/aws-serveless/demo05-tooling-jest-docker-plus/tooling-jest-docker-plus-parte02/src/factory.js": {"path":"/Users/joaogoncalves/Desktop/my-projects/aws-serveless/demo05-tooling-jest-docker-plus/tooling-jest-docker-plus-parte02/src/factory.js","statementMap":{"0":{"start":{"line":1,"column":12},"end":{"line":1,"column":30}},"1":{"start":{"line":2,"column":17},"end":{"line":4,"column":1}},"2":{"start":{"line":5,"column":16},"end":{"line":5,"column":38}},"3":{"start":{"line":7,"column":0},"end":{"line":17,"column":1}},"4":{"start":{"line":8,"column":2},"end":{"line":13,"column":5}},"5":{"start":{"line":15,"column":15},"end":{"line":15,"column":57}},"6":{"start":{"line":16,"column":2},"end":{"line":16,"column":62}},"7":{"start":{"line":19,"column":11},"end":{"line":19,"column":31}},"8":{"start":{"line":21,"column":0},"end":{"line":23,"column":2}}},"fnMap":{},"branchMap":{"0":{"loc":{"start":{"line":7,"column":0},"end":{"line":17,"column":1}},"type":"if","locations":[{"start":{"line":7,"column":0},"end":{"line":17,"column":1}},{"start":{},"end":{}}],"line":7},"1":{"loc":{"start":{"line":15,"column":15},"end":{"line":15,"column":57}},"type":"binary-expr","locations":[{"start":{"line":15,"column":15},"end":{"line":15,"column":42}},{"start":{"line":15,"column":46},"end":{"line":15,"column":57}}],"line":15}},"s":{"0":1,"1":1,"2":1,"3":1,"4":1,"5":1,"6":1,"7":1,"8":1},"f":{},"b":{"0":[1,0],"1":[1,1]},"_coverageSchema":"1a1c01bbd47fc00a2c39e90264f33305004495a9","hash":"fbda547df90f0f5a4246c38264f470dd56b425f2"}
,"/Users/joaogoncalves/Desktop/my-projects/aws-serveless/demo05-tooling-jest-docker-plus/tooling-jest-docker-plus-parte02/src/index.js": {"path":"/Users/joaogoncalves/Desktop/my-projects/aws-serveless/demo05-tooling-jest-docker-plus/tooling-jest-docker-plus-parte02/src/index.js","statementMap":{"0":{"start":{"line":3,"column":15},"end":{"line":3,"column":35}},"1":{"start":{"line":5,"column":0},"end":{"line":19,"column":2}},"2":{"start":{"line":6,"column":21},"end":{"line":6,"column":53}},"3":{"start":{"line":7,"column":2},"end":{"line":7,"column":35}},"4":{"start":{"line":9,"column":2},"end":{"line":18,"column":4}}},"fnMap":{"0":{"name":"(anonymous_0)","decl":{"start":{"line":5,"column":22},"end":{"line":5,"column":23}},"loc":{"start":{"line":5,"column":39},"end":{"line":19,"column":1}},"line":5}},"branchMap":{},"s":{"0":1,"1":1,"2":1,"3":1,"4":1},"f":{"0":1},"b":{},"_coverageSchema":"1a1c01bbd47fc00a2c39e90264f33305004495a9","hash":"d02a63f462c666bcca2a074805068d96c2b0957c"}
}
